<?xml version="1.0" encoding="UTF-8" ?>
<testsuite tests="10" failures="0" name="core.basesyntax.AppTest" time="0.005" errors="0" skipped="0">
  <properties>
[...]
</properties>
  <testcase classname="core.basesyntax.AppTest" name="additionNegativeTest" time="0.003"/>
  <testcase classname="core.basesyntax.AppTest" name="divisionTest" time="0"/>
  <testcase classname="core.basesyntax.AppTest" name="additionTest" time="0"/>
  <testcase classname="core.basesyntax.AppTest" name="removalTest" time="0"/>
  <testcase classname="core.basesyntax.AppTest" name="powTest" time="0"/>
  <testcase classname="core.basesyntax.AppTest" name="multiplicationTest" time="0"/>
  <testcase classname="core.basesyntax.AppTest" name="multiplicationZeroTest" time="0.001"/>
  <testcase classname="core.basesyntax.AppTest" name="removalNegativeTest" time="0"/>
  <testcase classname="core.basesyntax.AppTest" name="checkNullSecondArgument" time="0"/>
  <testcase classname="core.basesyntax.AppTest" name="divisionZeroTest" time="0.001"/>
</testsuite>