<?xml version="1.0" encoding="UTF-8" ?>
<testsuite tests="9" failures="0" name="core.basesyntax.HelloWorldTest" time="0.159" errors="0" skipped="0">
  <properties>
[...]
</properties>
  <testcase classname="core.basesyntax.HelloWorldTest" name="divideTest" time="0.007"/>
  <testcase classname="core.basesyntax.HelloWorldTest" name="sumTest" time="0.055"/>
  <testcase classname="core.basesyntax.HelloWorldTest" name="powNegativeNumberTest" time="0"/>
  <testcase classname="core.basesyntax.HelloWorldTest" name="powTest" time="0"/>
  <testcase classname="core.basesyntax.HelloWorldTest" name="multiplyTest" time="0.001"/>
  <testcase classname="core.basesyntax.HelloWorldTest" name="powZeroTest" time="0.001"/>
  <testcase classname="core.basesyntax.HelloWorldTest" name="unexpectedOperation" time="0.009"/>
  <testcase classname="core.basesyntax.HelloWorldTest" name="differenceTest" time="0.07"/>
  <testcase classname="core.basesyntax.HelloWorldTest" name="arithmeticException" time="0.016"/>
</testsuite>