<?xml version="1.0" encoding="UTF-8"?>
<testsuite xmlns:xsi="http://www.w3.org/2001/XMLSchema-instance" xsi:noNamespaceSchemaLocation="https://maven.apache.org/surefire/maven-surefire-plugin/xsd/surefire-test-report.xsd" name="core.basesyntax.CalculatorTest" time="0.457" tests="30" errors="0" skipped="0" failures="0">
  <properties>
[...]
</properties>
  <testcase name="subtraction[1]" classname="core.basesyntax.CalculatorTest" time="0.126"/>
  <testcase name="subtraction[2]" classname="core.basesyntax.CalculatorTest" time="0"/>
  <testcase name="subtraction[3]" classname="core.basesyntax.CalculatorTest" time="0"/>
  <testcase name="subtraction[4]" classname="core.basesyntax.CalculatorTest" time="0"/>
  <testcase name="subtraction[5]" classname="core.basesyntax.CalculatorTest" time="0.004"/>
  <testcase name="subtraction[6]" classname="core.basesyntax.CalculatorTest" time="0"/>
  <testcase name="subtraction[7]" classname="core.basesyntax.CalculatorTest" time="0"/>
  <testcase name="divide[1]" classname="core.basesyntax.CalculatorTest" time="0"/>
  <testcase name="divide[2]" classname="core.basesyntax.CalculatorTest" time="0.001"/>
  <testcase name="divide[3]" classname="core.basesyntax.CalculatorTest" time="0"/>
  <testcase name="divide[4]" classname="core.basesyntax.CalculatorTest" time="0.002"/>
  <testcase name="addition[1]" classname="core.basesyntax.CalculatorTest" time="0"/>
  <testcase name="addition[2]" classname="core.basesyntax.CalculatorTest" time="0"/>
  <testcase name="addition[3]" classname="core.basesyntax.CalculatorTest" time="0"/>
  <testcase name="addition[4]" classname="core.basesyntax.CalculatorTest" time="0"/>
  <testcase name="addition[5]" classname="core.basesyntax.CalculatorTest" time="0.002"/>
  <testcase name="addition[6]" classname="core.basesyntax.CalculatorTest" time="0"/>
  <testcase name="addition[7]" classname="core.basesyntax.CalculatorTest" time="0"/>
  <testcase name="checkDivideByZero" classname="core.basesyntax.CalculatorTest" time="0.009"/>
  <testcase name="multiply[1]" classname="core.basesyntax.CalculatorTest" time="0"/>
  <testcase name="multiply[2]" classname="core.basesyntax.CalculatorTest" time="0"/>
  <testcase name="multiply[3]" classname="core.basesyntax.CalculatorTest" time="0.004"/>
  <testcase name="multiply[4]" classname="core.basesyntax.CalculatorTest" time="0.001"/>
  <testcase name="multiply[5]" classname="core.basesyntax.CalculatorTest" time="0.001"/>
  <testcase name="powering[1]" classname="core.basesyntax.CalculatorTest" time="0"/>
  <testcase name="powering[2]" classname="core.basesyntax.CalculatorTest" time="0"/>
  <testcase name="powering[3]" classname="core.basesyntax.CalculatorTest" time="0"/>
  <testcase name="powering[4]" classname="core.basesyntax.CalculatorTest" time="0"/>
  <testcase name="powering[5]" classname="core.basesyntax.CalculatorTest" time="0.003"/>
  <testcase name="checkDivideZeroByZero" classname="core.basesyntax.CalculatorTest" time="0.01"/>
</testsuite>