<?xml version="1.0" encoding="UTF-8" ?>
<testsuite tests="16" failures="0" name="core.basesyntax.CalcTest" time="0.008" errors="0" skipped="0">
  <properties>
[...]
</properties>
  <testcase classname="core.basesyntax.CalcTest" name="divisionTestNegativeNumberCorrect" time="0.003"/>
  <testcase classname="core.basesyntax.CalcTest" name="substitutionNegativeNumberTestCorrect" time="0"/>
  <testcase classname="core.basesyntax.CalcTest" name="subtractionNegativeNumberTestCorrect" time="0.004"/>
  <testcase classname="core.basesyntax.CalcTest" name="powerTestCorrect" time="0.001"/>
  <testcase classname="core.basesyntax.CalcTest" name="substitutionTestCorrect" time="0"/>
  <testcase classname="core.basesyntax.CalcTest" name="divisionTestNull" time="0"/>
  <testcase classname="core.basesyntax.CalcTest" name="substitutionTestNull" time="0"/>
  <testcase classname="core.basesyntax.CalcTest" name="powerTestNegativeValueCorrect" time="0"/>
  <testcase classname="core.basesyntax.CalcTest" name="multiplyTestNegativeNumberCorrect" time="0"/>
  <testcase classname="core.basesyntax.CalcTest" name="divisionTestCorrect" time="0"/>
  <testcase classname="core.basesyntax.CalcTest" name="subtractionTestCorrect" time="0"/>
  <testcase classname="core.basesyntax.CalcTest" name="multiplyingTestNull" time="0"/>
  <testcase classname="core.basesyntax.CalcTest" name="powerTestNull" time="0"/>
  <testcase classname="core.basesyntax.CalcTest" name="powerTestZero" time="0"/>
  <testcase classname="core.basesyntax.CalcTest" name="subtractionTestNull" time="0"/>
  <testcase classname="core.basesyntax.CalcTest" name="multiplyTestCorrect" time="0"/>
</testsuite>