<?xml version="1.0" encoding="UTF-8"?>
<testsuite xmlns:xsi="http://www.w3.org/2001/XMLSchema-instance" xsi:noNamespaceSchemaLocation="https://maven.apache.org/surefire/maven-surefire-plugin/xsd/surefire-test-report.xsd" name="core.basesyntax.CalculatorTest" time="0.06" tests="8" errors="0" skipped="0" failures="0">
  <properties>
[...]
</properties>
  <testcase name="subtraction_Ok" classname="core.basesyntax.CalculatorTest" time="0.033"/>
  <testcase name="pow_Ok" classname="core.basesyntax.CalculatorTest" time="0"/>
  <testcase name="division_Ok" classname="core.basesyntax.CalculatorTest" time="0.001"/>
  <testcase name="null_operation_NotOk" classname="core.basesyntax.CalculatorTest" time="0.002"/>
  <testcase name="addition_Ok" classname="core.basesyntax.CalculatorTest" time="0.001"/>
  <testcase name="incorrect_math_operation_NotOk" classname="core.basesyntax.CalculatorTest" time="0.007"/>
  <testcase name="multiplication_Ok" classname="core.basesyntax.CalculatorTest" time="0.001"/>
  <testcase name="division_by_zero_NotOk" classname="core.basesyntax.CalculatorTest" time="0.002"/>
</testsuite>